<?xml version="1.0" encoding="UTF-8"?>
<!-- Generated by org.testng.reporters.JUnitReportReporter -->
<testsuite skipped="0" hostname="DESKTOP-E7IM778" name="com.TestNGScripts.WikiTestCase" tests="2" failures="0" timestamp="25 Aug 2020 00:48:51 GMT" time="4.738" errors="0">
  <testcase name="createAccount" time="3.422" classname="com.TestNGScripts.WikiTestCase"/>
  <testcase name="MainPage" time="1.316" classname="com.TestNGScripts.WikiTestCase"/>
</testsuite> <!-- com.TestNGScripts.WikiTestCase -->
