<?xml version="1.0" encoding="UTF-8"?>
<!-- Generated by org.testng.reporters.JUnitReportReporter -->
<testsuite skipped="0" hostname="DESKTOP-E7IM778" name="com.TestNGScripts.AnnotationsTestNG" tests="3" failures="0" timestamp="26 Aug 2020 23:58:52 GMT" time="0.024" errors="0">
  <testcase name="createCust" time="0.016" classname="com.TestNGScripts.AnnotationsTestNG"/>
  <testcase name="searchCust" time="0.004" classname="com.TestNGScripts.AnnotationsTestNG"/>
  <testcase name="deleteCust" time="0.004" classname="com.TestNGScripts.AnnotationsTestNG"/>
</testsuite> <!-- com.TestNGScripts.AnnotationsTestNG -->
