<?xml version="1.0" encoding="UTF-8"?>
<!-- Generated by org.testng.reporters.JUnitReportReporter -->
<testsuite skipped="0" hostname="DESKTOP-E7IM778" name="com.TestNGScripts.TestDataExcel" tests="12" failures="0" timestamp="26 Aug 2020 23:56:07 GMT" time="6.097" errors="0">
  <testcase name="wikipagedata" time="0.720" classname="com.TestNGScripts.TestDataExcel"/>
  <testcase name="wikipagedata" time="0.415" classname="com.TestNGScripts.TestDataExcel"/>
  <testcase name="wikipagedata" time="0.686" classname="com.TestNGScripts.TestDataExcel"/>
  <testcase name="wikipagedata" time="0.395" classname="com.TestNGScripts.TestDataExcel"/>
  <testcase name="wikipagedata" time="0.377" classname="com.TestNGScripts.TestDataExcel"/>
  <testcase name="wikipagedata" time="0.426" classname="com.TestNGScripts.TestDataExcel"/>
  <testcase name="wikipagedata" time="0.403" classname="com.TestNGScripts.TestDataExcel"/>
  <testcase name="wikipagedata" time="0.613" classname="com.TestNGScripts.TestDataExcel"/>
  <testcase name="wikipagedata" time="0.718" classname="com.TestNGScripts.TestDataExcel"/>
  <testcase name="wikipagedata" time="0.415" classname="com.TestNGScripts.TestDataExcel"/>
  <testcase name="wikipagedata" time="0.403" classname="com.TestNGScripts.TestDataExcel"/>
  <testcase name="wikipagedata" time="0.526" classname="com.TestNGScripts.TestDataExcel"/>
</testsuite> <!-- com.TestNGScripts.TestDataExcel -->
