<?xml version="1.0" encoding="UTF-8"?>
<!-- Generated by org.testng.reporters.JUnitReportReporter -->
<testsuite skipped="0" hostname="DESKTOP-E7IM778" name="com.TestNGScripts.ParametrizationwithPOI" tests="9" failures="0" timestamp="28 Aug 2020 00:00:07 GMT" time="5.657" errors="0">
  <testcase name="wikipagedata" time="0.627" classname="com.TestNGScripts.ParametrizationwithPOI"/>
  <testcase name="wikipagedata" time="0.587" classname="com.TestNGScripts.ParametrizationwithPOI"/>
  <testcase name="wikipagedata" time="0.584" classname="com.TestNGScripts.ParametrizationwithPOI"/>
  <testcase name="wikipagedata" time="0.603" classname="com.TestNGScripts.ParametrizationwithPOI"/>
  <testcase name="wikipagedata" time="0.620" classname="com.TestNGScripts.ParametrizationwithPOI"/>
  <testcase name="wikipagedata" time="0.593" classname="com.TestNGScripts.ParametrizationwithPOI"/>
  <testcase name="wikipagedata" time="0.860" classname="com.TestNGScripts.ParametrizationwithPOI"/>
  <testcase name="wikipagedata" time="0.569" classname="com.TestNGScripts.ParametrizationwithPOI"/>
  <testcase name="wikipagedata" time="0.614" classname="com.TestNGScripts.ParametrizationwithPOI"/>
</testsuite> <!-- com.TestNGScripts.ParametrizationwithPOI -->
