<?xml version="1.0" encoding="UTF-8"?>
<!-- Generated by org.testng.reporters.JUnitReportReporter -->
<testsuite skipped="0" hostname="DESKTOP-E7IM778" name="com.TestNGScripts.MouseOverDemo" tests="1" failures="0" timestamp="31 Aug 2020 01:29:09 GMT" time="5.047" errors="0">
  <testcase name="dragandDropmethod" time="5.047" classname="com.TestNGScripts.MouseOverDemo"/>
</testsuite> <!-- com.TestNGScripts.MouseOverDemo -->
