<?xml version="1.0" encoding="UTF-8"?>
<!-- Generated by org.testng.reporters.JUnitReportReporter -->
<testsuite skipped="0" hostname="DESKTOP-E7IM778" name="com.TestNGScripts.KeyEvents" tests="1" failures="0" timestamp="01 Sep 2020 01:16:29 GMT" time="12.424" errors="0">
  <testcase name="Keyeventmethod" time="12.424" classname="com.TestNGScripts.KeyEvents"/>
</testsuite> <!-- com.TestNGScripts.KeyEvents -->
