<?xml version="1.0" encoding="UTF-8"?>
<!-- Generated by org.testng.reporters.JUnitReportReporter -->
<testsuite skipped="0" hostname="DESKTOP-E7IM778" name="com.TestNGScripts.ParametrizationwithXML" tests="2" failures="0" timestamp="25 Aug 2020 02:03:33 GMT" time="12.609" errors="0">
  <testcase name="createAccount" time="6.307" classname="com.TestNGScripts.ParametrizationwithXML"/>
  <testcase name="createAccount" time="6.302" classname="com.TestNGScripts.ParametrizationwithXML"/>
</testsuite> <!-- com.TestNGScripts.ParametrizationwithXML -->
