<?xml version="1.0" encoding="UTF-8"?>
<!-- Generated by org.testng.reporters.JUnitReportReporter -->
<testsuite skipped="0" hostname="DESKTOP-E7IM778" name="com.TestNGScripts.ParametrizationwithXML" tests="2" failures="0" timestamp="03 Sep 2020 00:59:05 GMT" time="12.701" errors="0">
  <testcase name="createAccount" time="6.334" classname="com.TestNGScripts.ParametrizationwithXML"/>
  <testcase name="createAccount" time="6.367" classname="com.TestNGScripts.ParametrizationwithXML"/>
</testsuite> <!-- com.TestNGScripts.ParametrizationwithXML -->
