<?xml version="1.0" encoding="UTF-8"?>
<!-- Generated by org.testng.reporters.JUnitReportReporter -->
<testsuite skipped="0" hostname="DESKTOP-E7IM778" name="com.TestNGScripts.WikiTestCase" tests="2" failures="0" timestamp="03 Sep 2020 00:59:05 GMT" time="4.373" errors="0">
  <testcase name="createAccount" time="3.431" classname="com.TestNGScripts.WikiTestCase"/>
  <testcase name="MainPage" time="0.942" classname="com.TestNGScripts.WikiTestCase"/>
</testsuite> <!-- com.TestNGScripts.WikiTestCase -->
