<?xml version="1.0" encoding="UTF-8"?>
<!-- Generated by org.testng.reporters.JUnitReportReporter -->
<testsuite skipped="0" hostname="DESKTOP-E7IM778" name="com.TestNGScripts.AnnotationsTestNG" tests="3" failures="0" timestamp="03 Sep 2020 00:59:05 GMT" time="0.003" errors="0">
  <testcase name="createCust" time="0.000" classname="com.TestNGScripts.AnnotationsTestNG"/>
  <testcase name="searchCust" time="0.002" classname="com.TestNGScripts.AnnotationsTestNG"/>
  <testcase name="deleteCust" time="0.001" classname="com.TestNGScripts.AnnotationsTestNG"/>
</testsuite> <!-- com.TestNGScripts.AnnotationsTestNG -->
